<?xml version="1.0" encoding="UTF-8"?>
<!-- Generated by org.testng.reporters.JUnitXMLReporter -->
<testsuite ignored="0" hostname="IT2301-LT-121" failures="0" tests="2" name="Default test" time="9.465" errors="0" timestamp="31 May 2025 15:30:17 GMT">
  <testcase classname="cucumber.api.testng.AbstractTestNGCucumberTests" name="runScenario" time="4.983">
    <skipped/>
  </testcase> <!-- runScenario -->
  <testcase classname="cucumber.api.testng.AbstractTestNGCucumberTests" name="runScenario" time="4.362">
    <skipped/>
  </testcase> <!-- runScenario -->
</testsuite> <!-- Default test -->
